Nov 01, 2024 7:04:21 PM javacode.Key generateRandomKey
INFO: Generated random key: 319237700709404979-6637205959612946779-1543629592362039551787042389268208041211402046779246547708093141081401556164
Nov 01, 2024 7:04:21 PM javacode.Key getUserKey
INFO: Enter the User Passphrase (A line):
Nov 01, 2024 7:04:31 PM javacode.Key getUserKey
INFO: User entered passphrase: hello its me here
Nov 01, 2024 7:05:40 PM javacode.Key generateRandomKey
INFO: Generated random key: 74073812805360069701314587177004813195-49089117254347277674241603728286558775-39443120386831493143080697324840625266
Nov 01, 2024 7:05:40 PM javacode.Key getUserKey
INFO: Enter the User Passphrase (A line):
Nov 01, 2024 7:05:48 PM javacode.Key getUserKey
INFO: User entered passphrase: khhu
Nov 01, 2024 7:06:21 PM javacode.Key generateRandomKey
INFO: Generated random key: 7433561070935009663
Nov 01, 2024 7:06:21 PM javacode.Key getUserKey
INFO: Enter the User Passphrase (A line):
Nov 01, 2024 7:06:23 PM javacode.Key getUserKey
INFO: User entered passphrase: hjg
Nov 01, 2024 7:07:27 PM javacode.Key generateRandomKey
INFO: Generated random key: 7401960266585741215
Nov 01, 2024 7:07:27 PM javacode.Key getUserKey
INFO: Enter the User Passphrase (A line):
Nov 01, 2024 7:07:32 PM javacode.Key getUserKey
INFO: User entered passphrase: hey its me here
Nov 01, 2024 7:08:25 PM javacode.Key generateRandomKey
INFO: Generated random key: 140446485405103850832343334733387062865402847845631788273
Nov 01, 2024 7:08:25 PM javacode.Key getUserKey
INFO: Enter the User Passphrase (A line):
Nov 01, 2024 7:08:27 PM javacode.Key getUserKey
INFO: User entered passphrase: helor
Nov 01, 2024 7:08:42 PM javacode.Key generateRandomKey
INFO: Generated random key: 1924658509451732515-36823857414680153201373418172764760141-831241427635983024
Nov 01, 2024 7:08:42 PM javacode.Key getUserKey
INFO: Enter the User Passphrase (A line):
Nov 01, 2024 7:08:45 PM javacode.Key getUserKey
INFO: User entered passphrase: heloo
Nov 01, 2024 7:10:21 PM javacode.Key generateRandomKey
INFO: Generated random key: 174423332510875035197876981202984738947660641220045441041007151764676977785
Nov 01, 2024 7:10:21 PM javacode.Key getUserKey
INFO: Enter the User Passphrase (A line):
Nov 01, 2024 7:10:23 PM javacode.Key getUserKey
INFO: User entered passphrase: hello
Nov 01, 2024 7:11:18 PM javacode.Key generateRandomKey
INFO: Generated random key: 53219739287015324715187747533328235066435945931173385328213417750437219548
Nov 01, 2024 7:11:18 PM javacode.Key getUserKey
INFO: Enter the User Passphrase (A line):
Nov 01, 2024 7:11:21 PM javacode.Key getUserKey
INFO: User entered passphrase: kjk
Nov 01, 2024 7:11:36 PM javacode.Key generateRandomKey
INFO: Generated random key: 261885611159018872766784960844258054736279346927494508467467080967667226281763897664935626006733926096895510259238
Nov 01, 2024 7:11:36 PM javacode.Key getUserKey
INFO: Enter the User Passphrase (A line):
Nov 01, 2024 7:11:42 PM javacode.Key getUserKey
INFO: User entered passphrase: kjyvghvj
Nov 01, 2024 7:13:12 PM javacode.Key generateRandomKey
INFO: Generated random key: 168874804447121275887150117492311677953892523017709161863439513786602148151038812913074804331235881327717209215321
Nov 01, 2024 7:13:12 PM javacode.Key getUserKey
INFO: Enter the User Passphrase (A line):
Nov 01, 2024 7:13:17 PM javacode.Key getUserKey
INFO: User entered passphrase: heofief
Nov 01, 2024 7:13:53 PM javacode.Key generateRandomKey
INFO: Generated random key: 211613961292887700846079419236878828313670263429830948349429490866559507042632443908289354784007026080114700568432
Nov 01, 2024 7:13:53 PM javacode.Key getUserKey
INFO: Enter the User Passphrase (A line):
Nov 01, 2024 7:13:58 PM javacode.Key getUserKey
INFO: User entered passphrase: heofie
Nov 01, 2024 7:20:22 PM javacode.Key generateRandomKey
INFO: Generated random key: 5151991301449176059366788245253493542797223572413971671401797571156424819681396283020715234553865177234808633759
Nov 01, 2024 7:20:22 PM javacode.Key getUserKey
INFO: Enter the User Passphrase (A line):
Nov 01, 2024 7:20:26 PM javacode.Key getUserKey
INFO: User entered passphrase: hellothere
Nov 05, 2024 10:19:17 PM javacode.Key generateRandomKey
INFO: Generated random key: 675524928486834625612194324431431083848457447014666399511182129942019627888557372315260480084796499700235688494470
Nov 05, 2024 10:19:17 PM javacode.Key getUserKey
INFO: Enter the User Passphrase (A line):
Nov 05, 2024 10:19:24 PM javacode.Key getUserKey
INFO: User entered passphrase: hello there
Nov 05, 2024 10:34:52 PM javacode.Key generateRandomKey
INFO: Generated random key: 732570156090640182752998287199238844834885368850480511522589931361193901451040750867560118149076419158485716598143
Nov 05, 2024 10:34:52 PM javacode.Key getUserKey
INFO: Enter the User Passphrase (A line):
Nov 05, 2024 10:34:58 PM javacode.Key getUserKey
INFO: User entered passphrase: hello there
Nov 05, 2024 10:55:39 PM javacode.Key generateRandomKey
INFO: Generated random key: 902533849418053882827770557698813267578304882609031344147582766139833828448890767620161743244588831706409057310165
Nov 05, 2024 10:55:39 PM javacode.Key getUserKey
INFO: Enter the User Passphrase (A line):
Nov 05, 2024 10:55:46 PM javacode.Key getUserKey
INFO: User entered passphrase: this is a passphrase
Nov 05, 2024 10:57:10 PM javacode.Key generateRandomKey
INFO: Generated random key: 52398130167597524145539024040455752290769622206748437491595623262456207502368664354548281859877991895132465526012
Nov 05, 2024 10:57:10 PM javacode.Key getUserKey
INFO: Enter the User Passphrase (A line):
Nov 05, 2024 10:57:19 PM javacode.Key getUserKey
INFO: User entered passphrase: this is a passphrase
Nov 05, 2024 11:03:45 PM javacode.Key generateRandomKey
INFO: Generated random key: 385137626482330118311319576659909791075270741302029115435209172945781453365569960622678771125078715792098993698754
Nov 05, 2024 11:03:45 PM javacode.Key getUserKey
INFO: Enter the User Passphrase (A line):
Nov 05, 2024 11:03:49 PM javacode.Key getUserKey
INFO: User entered passphrase: hello world
Nov 05, 2024 11:28:08 PM javacode.Key generateRandomKey
INFO: Generated random key: 482027886700532864951995645445248632963323018239637076280665306686807054941379560229357399147008933406833531165621
Nov 05, 2024 11:28:08 PM javacode.Key getUserKey
INFO: Enter the User Passphrase (A line):
Nov 05, 2024 11:28:12 PM javacode.Key getUserKey
INFO: User entered passphrase: hello
Nov 06, 2024 1:00:55 AM javacode.Key generateRandomKey
INFO: Generated random key: 65813152026350812426382234349377829889835080402814754864696180355252933294333090727815390482218939238498170145254
Nov 06, 2024 1:00:55 AM javacode.Key getUserKey
INFO: Enter the User Passphrase (A line):
Nov 06, 2024 1:01:05 AM javacode.Key getUserKey
INFO: User entered passphrase: hello this is a passphrase
Nov 06, 2024 1:24:10 AM javacode.Key generateRandomKey
INFO: Generated random key: 182656400703494960768639310714732352001230931431383594505141498047224282327149303801621648822658325167085802821182
Nov 06, 2024 1:24:10 AM javacode.Key getUserKey
INFO: Enter the User Passphrase (A line):
Nov 06, 2024 1:24:15 AM javacode.Key getUserKey
INFO: User entered passphrase: hello there
Nov 06, 2024 1:26:48 AM javacode.Key generateRandomKey
INFO: Generated random key: 232281206873477041868640136459313864433995431779771160889647530054953198536989667752944369932107081846787861596648
Nov 06, 2024 1:26:48 AM javacode.Key getUserKey
INFO: Enter the User Passphrase (A line):
Nov 06, 2024 1:26:51 AM javacode.Key getUserKey
INFO: User entered passphrase: huihiub
Nov 06, 2024 9:44:07 AM javacode.Key generateRandomKey
INFO: Generated random key: 9872311601692848611751186608819247064882961122220352058733539145750278664196879976828325828671392024289440552615
Nov 06, 2024 9:44:07 AM javacode.Key getUserKey
INFO: Enter the User Passphrase (A line):
Nov 06, 2024 9:44:16 AM javacode.Key getUserKey
INFO: User entered passphrase: hey this is a passohrase
Nov 06, 2024 3:58:06 PM javacode.Key generateRandomKey
INFO: Generated random key: 512156430955768569356440721399882276229210387372138470086540817125522053885032949657886838237902844565873259421377
Nov 06, 2024 3:58:06 PM javacode.Key getUserKey
INFO: Enter the User Passphrase (A line):
Nov 06, 2024 3:58:19 PM javacode.Key getUserKey
INFO: User entered passphrase: This is a passphrase
Nov 06, 2024 4:00:36 PM javacode.Key generateRandomKey
INFO: Generated random key: 34087476054082440752846875416531099866495497339943725653103836898521677999862606050240962338815631642663546769666
Nov 06, 2024 4:00:36 PM javacode.Key getUserKey
INFO: Enter the User Passphrase (A line):
Nov 06, 2024 4:00:40 PM javacode.Key getUserKey
INFO: User entered passphrase: this is a passphrase
Nov 06, 2024 4:01:16 PM javacode.Key generateRandomKey
INFO: Generated random key: 1106980465139655892500788301995030510058679983578022855496612260832881172255574409575694654174371022908712349106
Nov 06, 2024 4:01:16 PM javacode.Key getUserKey
INFO: Enter the User Passphrase (A line):
Nov 06, 2024 4:01:22 PM javacode.Key getUserKey
INFO: User entered passphrase: thise se pass phrase
Nov 06, 2024 4:01:36 PM javacode.Key generateRandomKey
INFO: Generated random key: 53295640896351142029161548256819927180242114951013742564430290338111631287812922986427136065322775935427404559796
Nov 06, 2024 4:01:36 PM javacode.Key getUserKey
INFO: Enter the User Passphrase (A line):
Nov 06, 2024 4:01:48 PM javacode.Key getUserKey
INFO: User entered passphrase: this is a passphrase
Nov 06, 2024 4:08:03 PM javacode.Key generateRandomKey
INFO: Generated random key: 53744469104393941283466531916663862166704310746003063166930535655384571404967457980756952039533163292949474280545
Nov 06, 2024 4:08:03 PM javacode.Key getUserKey
INFO: Enter the User Passphrase (A line):
Nov 06, 2024 4:08:32 PM javacode.Key getUserKey
INFO: User entered passphrase: this is a passphrase
Nov 06, 2024 4:14:14 PM javacode.Key generateRandomKey
INFO: Generated random key: 641894957963761922518885008391077995578312631490965792305445769932742894320010712324283483769795722488703722755657
Nov 06, 2024 4:14:14 PM javacode.Key getUserKey
INFO: Enter the User Passphrase (A line):
Nov 06, 2024 4:14:19 PM javacode.Key getUserKey
INFO: User entered passphrase: this is a passphrase
Nov 06, 2024 4:30:32 PM javacode.Key generateRandomKey
INFO: Generated random key: 1244428611195460985206598448831276696431749823191428564707225697589603345785396392851120324403591350786788201723
Nov 06, 2024 4:30:32 PM javacode.Key getUserKey
INFO: Enter the User Passphrase (A line):
Nov 06, 2024 4:30:42 PM javacode.Key getUserKey
INFO: User entered passphrase: this is a passphrase
